2024-09-14,15:12:38,278 gensim.corpora.dictionary INFO adding document #0 to Dictionary<0 unique tokens: []>
2024-09-14,15:12:38,278 gensim.corpora.dictionary INFO built Dictionary<12 unique tokens: ['computer', 'human', 'interface', 'response', 'survey']...> from 9 documents (total 29 corpus positions)
2024-09-14,15:12:38,280 gensim.utils INFO Dictionary lifecycle event {'msg': "built Dictionary<12 unique tokens: ['computer', 'human', 'interface', 'response', 'survey']...> from 9 documents (total 29 corpus positions)", 'datetime': '2024-09-14T15:12:38.279035', 'gensim': '4.3.0', 'python': '3.10.12 (main, Jul 29 2024, 16:56:48) [GCC 11.4.0]', 'platform': 'Linux-5.15.0-113-generic-x86_64-with-glibc2.35', 'event': 'created'}
2024-09-14,15:12:38,751 py4j.java_gateway INFO Callback Server Starting
2024-09-14,15:12:38,752 py4j.java_gateway INFO Socket listening on ('127.0.0.1', 25334)
2024-09-14,15:13:13,344 py4j.java_gateway INFO Callback Connection ready to receive messages
2024-09-14,15:13:13,344 py4j.java_gateway INFO Received command c on object id t
2024-09-14,15:13:13,692 root INFO Data loading ... done.
2024-09-14,15:13:13,778 py4j.java_gateway INFO Received command c on object id t
2024-09-14,15:13:14,552 root INFO Epoch 1/5:
2024-09-14,15:14:18,820 root INFO 	Epoch 1: train loss 3.050755500793457 val loss 3.8251835367052416
2024-09-14,15:14:18,821 root INFO Epoch 2/5:
2024-09-14,15:15:20,696 root INFO 	Epoch 2: train loss 2.9436445886438545 val loss 3.695918918901246
2024-09-14,15:15:20,696 root INFO Epoch 3/5:
2024-09-14,15:16:25,683 root INFO 	Epoch 3: train loss 2.898370070890947 val loss 3.631512375412277
2024-09-14,15:16:25,684 root INFO Epoch 4/5:
2024-09-14,15:17:35,659 root INFO 	Epoch 4: train loss 2.866836894642223 val loss 3.587365448191861
2024-09-14,15:17:35,660 root INFO Epoch 5/5:
2024-09-14,15:18:41,893 root INFO 	Epoch 5: train loss 2.8173217556693335 val loss 3.691952097449887
2024-09-14,15:18:41,895 root INFO 		Loss: 2.8173217556693335
2024-09-14,15:18:46,785 py4j.java_gateway INFO Received command c on object id t
2024-09-14,15:18:46,814 py4j.java_gateway INFO Received command c on object id t
2024-09-14,15:19:07,481 root INFO 
acc	0.16144349477682812
bacc	0.1520572450805009
fscore	0.04844184421406443
2024-09-14,15:19:07,484 root INFO 
[[ 0  0  0 86  0  0  0  0  0  0  0  0  0]
 [ 0  0  0 86  0  0  0  0  0  0  0  0  0]
 [ 0  0  0 43  0  0  0  0  0 11  0  0  0]
 [ 0  0  0 86  0  0  0  0  0  0  0  0  0]
 [ 0  0  0 86  0  0  0  0  0  0  0  0  0]
 [ 0  0  0 43  0  0  0  0  0 42  0  0  0]
 [ 0  0  0 43  0  0  0  0  0 37  0  0  0]
 [ 0  0  0 48  0  0  0  0  0 37  0  0  0]
 [ 0  0  0  4  0  0  0  0  0 81  0  0  0]
 [ 0  0  0  2  0  0  0  0  0 84  0  0  0]
 [ 0  0  0 32  0  0  0  0  0 42  0  0  0]
 [ 0  0  0 63  0  0  0  0  0 22  0  0  0]
 [ 0  0  0 63  0  0  0  0  0 12  0  0  0]]
2024-09-14,15:19:07,484 root INFO 
TPR	0.16144349477682812
2024-09-14,15:19:30,663 root INFO 
acc	0.16144349477682812
bacc	0.1520572450805009
fscore	0.04844184421406443
2024-09-14,15:19:30,666 root INFO 
[[ 0  0  0 86  0  0  0  0  0  0  0  0  0]
 [ 0  0  0 86  0  0  0  0  0  0  0  0  0]
 [ 0  0  0 43  0  0  0  0  0 11  0  0  0]
 [ 0  0  0 86  0  0  0  0  0  0  0  0  0]
 [ 0  0  0 86  0  0  0  0  0  0  0  0  0]
 [ 0  0  0 43  0  0  0  0  0 42  0  0  0]
 [ 0  0  0 43  0  0  0  0  0 37  0  0  0]
 [ 0  0  0 48  0  0  0  0  0 37  0  0  0]
 [ 0  0  0  4  0  0  0  0  0 81  0  0  0]
 [ 0  0  0  2  0  0  0  0  0 84  0  0  0]
 [ 0  0  0 32  0  0  0  0  0 42  0  0  0]
 [ 0  0  0 63  0  0  0  0  0 22  0  0  0]
 [ 0  0  0 63  0  0  0  0  0 12  0  0  0]]
2024-09-14,15:19:30,667 root INFO 
TPR	0.16144349477682812
2024-09-14,15:19:34,624 py4j.java_gateway INFO Received command c on object id t
2024-09-14,15:19:34,627 root INFO Epoch 1/5:
2024-09-14,15:20:39,170 root INFO 	Epoch 1: train loss 3.396393797614358 val loss 4.474944002155112
2024-09-14,15:20:39,171 root INFO Epoch 2/5:
2024-09-14,15:21:46,959 root INFO 	Epoch 2: train loss 2.931688005273992 val loss 4.263761092794587
2024-09-14,15:21:46,959 root INFO Epoch 3/5:
2024-09-14,15:22:56,665 root INFO 	Epoch 3: train loss 2.7870236093347724 val loss 4.234021718798653
2024-09-14,15:22:56,666 root INFO Epoch 4/5:
2024-09-14,15:24:08,453 root INFO 	Epoch 4: train loss 2.7019272067330102 val loss 4.246409920206097
2024-09-14,15:24:08,454 root INFO Epoch 5/5:
2024-09-14,15:25:13,587 root INFO 	Epoch 5: train loss 2.6473041881214487 val loss 4.277776759121379
2024-09-14,15:25:13,588 root INFO 		Loss: 2.6473041881214487
2024-09-14,15:25:18,277 py4j.java_gateway INFO Received command c on object id t
2024-09-14,15:25:18,352 py4j.java_gateway INFO Received command c on object id t
2024-09-14,15:25:39,437 root INFO 
acc	0.15384615384615385
bacc	0.1449016100178891
fscore	0.04892669082536151
2024-09-14,15:25:39,442 root INFO 
[[ 0  0  0  0  0  0  0  0 86  0  0  0  0]
 [ 0  0  0  0 86  0  0  0  0  0  0  0  0]
 [ 0  0  0  0 31  0  0  0  0 23  0  0  0]
 [ 0  0  0  0 86  0  0  0  0  0  0  0  0]
 [ 0  0  0  0 86  0  0  0  0  0  0  0  0]
 [ 0  0  0  0 50  0  0  0  6 29  0  0  0]
 [ 0  0  0  0 39  0  0  0  7 34  0  0  0]
 [ 0  0  0  0 29  0  0  0  0 56  0  0  0]
 [ 0  0  0  0  4  0  0  0  0 81  0  0  0]
 [ 0  0  0  0 10  0  0  0  0 76  0  0  0]
 [ 0  0  0  0 41  0  0  0  5 28  0  0  0]
 [ 0  0  0  0 63  0  0  0  5 17  0  0  0]
 [ 1  0  0  0 61  0  0  0  0 13  0  0  0]]
2024-09-14,15:25:39,442 root INFO 
TPR	0.15384615384615385
2024-09-14,15:26:03,76 root INFO 
acc	0.15384615384615385
bacc	0.1449016100178891
fscore	0.04892669082536151
2024-09-14,15:26:03,80 root INFO 
[[ 0  0  0  0  0  0  0  0 86  0  0  0  0]
 [ 0  0  0  0 86  0  0  0  0  0  0  0  0]
 [ 0  0  0  0 31  0  0  0  0 23  0  0  0]
 [ 0  0  0  0 86  0  0  0  0  0  0  0  0]
 [ 0  0  0  0 86  0  0  0  0  0  0  0  0]
 [ 0  0  0  0 50  0  0  0  6 29  0  0  0]
 [ 0  0  0  0 39  0  0  0  7 34  0  0  0]
 [ 0  0  0  0 29  0  0  0  0 56  0  0  0]
 [ 0  0  0  0  4  0  0  0  0 81  0  0  0]
 [ 0  0  0  0 10  0  0  0  0 76  0  0  0]
 [ 0  0  0  0 41  0  0  0  5 28  0  0  0]
 [ 0  0  0  0 63  0  0  0  5 17  0  0  0]
 [ 1  0  0  0 61  0  0  0  0 13  0  0  0]]
2024-09-14,15:26:03,80 root INFO 
TPR	0.15384615384615385
2024-09-14,15:26:06,635 py4j.java_gateway INFO Received command c on object id t
2024-09-14,15:26:06,640 root INFO Epoch 1/5:
2024-09-14,15:27:16,488 root INFO 	Epoch 1: train loss 3.8375486677343194 val loss 7.084068300377609
2024-09-14,15:27:16,488 root INFO Epoch 2/5:
2024-09-14,15:28:26,184 root INFO 	Epoch 2: train loss 3.567508415742354 val loss 7.174884200662176
2024-09-14,15:28:26,185 root INFO Epoch 3/5:
2024-09-14,15:29:32,485 root INFO 	Epoch 3: train loss 3.412333770231767 val loss 7.178079335438221
2024-09-14,15:29:32,486 root INFO Epoch 4/5:
2024-09-14,15:30:46,558 root INFO 	Epoch 4: train loss 3.2740084691481157 val loss 7.110611392788285
2024-09-14,15:30:46,558 root INFO Epoch 5/5:
2024-09-14,15:31:56,62 root INFO 	Epoch 5: train loss 3.162757461721247 val loss 7.055368244138538
2024-09-14,15:31:56,63 root INFO 		Loss: 3.162757461721247
2024-09-14,15:32:01,725 py4j.java_gateway INFO Received command c on object id t
2024-09-14,15:32:01,739 py4j.java_gateway INFO Received command c on object id t
2024-09-14,15:32:25,525 root INFO 
acc	0.3238366571699905
bacc	0.31064485431448496
fscore	0.28004697255392014
2024-09-14,15:32:25,529 root INFO 
[[ 0  0  0  0  0 30 14  0  0 32  6  4  0]
 [ 0 85  0  1  0  0  0  0  0  0  0  0  0]
 [ 2  3  1  9 15  0  1  0  6 16  0  0  1]
 [ 0  0 15 43 13  3  0  0  0  0  0  0 12]
 [ 0  0  0  0 42  0  0  0  0  0  0  4 40]
 [ 0  1  2  6 10  4 11  0  8 17  0 18  8]
 [ 0  0  0  0 17  0  5  0 26  4  7  8 13]
 [ 0  0  0  0 21  1  5  0 17 18  8  8  7]
 [ 0  0  0  0  1  0  0  0 35 46  0  0  3]
 [ 0  0  0  0  2  0  1  0 45 38  0  0  0]
 [ 0  5  2  1 12  8  2  0 18 17  4  4  1]
 [ 0  0  0  0  3  4  7  0  7  4  0 60  0]
 [ 0  1  1 13 21  1  3  0  5  2  2  2 24]]
2024-09-14,15:32:25,529 root INFO 
TPR	0.3238366571699905
2024-09-14,15:32:48,275 root INFO 
acc	0.3238366571699905
bacc	0.31064485431448496
fscore	0.28004697255392014
2024-09-14,15:32:48,279 root INFO 
[[ 0  0  0  0  0 30 14  0  0 32  6  4  0]
 [ 0 85  0  1  0  0  0  0  0  0  0  0  0]
 [ 2  3  1  9 15  0  1  0  6 16  0  0  1]
 [ 0  0 15 43 13  3  0  0  0  0  0  0 12]
 [ 0  0  0  0 42  0  0  0  0  0  0  4 40]
 [ 0  1  2  6 10  4 11  0  8 17  0 18  8]
 [ 0  0  0  0 17  0  5  0 26  4  7  8 13]
 [ 0  0  0  0 21  1  5  0 17 18  8  8  7]
 [ 0  0  0  0  1  0  0  0 35 46  0  0  3]
 [ 0  0  0  0  2  0  1  0 45 38  0  0  0]
 [ 0  5  2  1 12  8  2  0 18 17  4  4  1]
 [ 0  0  0  0  3  4  7  0  7  4  0 60  0]
 [ 0  1  1 13 21  1  3  0  5  2  2  2 24]]
2024-09-14,15:32:48,279 root INFO 
TPR	0.3238366571699905
2024-09-14,15:32:51,880 py4j.java_gateway INFO Received command c on object id t
2024-09-14,15:32:51,884 root INFO Epoch 1/5:
2024-09-14,16:55:05,980 py4j.java_gateway INFO Callback Connection ready to receive messages
2024-09-14,16:55:05,981 py4j.java_gateway INFO Received command c on object id t
2024-09-14,16:55:06,368 root INFO Data loading ... done.
2024-09-14,16:55:06,469 py4j.java_gateway INFO Received command c on object id t
2024-09-14,16:55:06,494 root INFO Epoch 1/5:
2024-09-14,16:56:06,213 root INFO 	Epoch 1: train loss 3.0102762308987705 val loss 3.797577485286499
2024-09-14,16:56:06,214 root INFO Epoch 2/5:
2024-09-14,16:57:12,374 root INFO 	Epoch 2: train loss 2.9226054711775347 val loss 3.720337019573476
2024-09-14,16:57:12,375 root INFO Epoch 3/5:
2024-09-14,16:58:17,902 root INFO 	Epoch 3: train loss 2.878637422214855 val loss 3.6590151793596752
2024-09-14,16:58:17,902 root INFO Epoch 4/5:
2024-09-14,16:59:23,583 root INFO 	Epoch 4: train loss 2.846120140769265 val loss 3.6119897268210153
2024-09-14,16:59:23,584 root INFO Epoch 5/5:
2024-09-14,17:00:36,99 root INFO 	Epoch 5: train loss 2.7318331761793657 val loss 3.692122989457104
2024-09-14,17:00:36,102 root INFO 		Loss: 2.7318331761793657
2024-09-14,17:01:23,144 py4j.java_gateway INFO Received command  on object id 
2024-09-14,17:01:23,144 py4j.java_gateway INFO Closing down callback connection
2024-09-14,19:37:09,859 py4j.java_gateway INFO Callback Connection ready to receive messages
2024-09-14,19:37:09,860 py4j.java_gateway INFO Received command c on object id t
2024-09-14,19:37:10,266 root INFO Data loading ... done.
2024-09-14,19:37:10,363 py4j.java_gateway INFO Received command c on object id t
2024-09-14,19:37:10,367 root INFO Epoch 1/5:
2024-09-14,19:38:17,647 root INFO 	Epoch 1: train loss 3.0015020587227563 val loss 3.756650570790652
2024-09-14,19:38:17,647 root INFO Epoch 2/5:
2024-09-14,19:39:16,386 root INFO 	Epoch 2: train loss 2.9262929396195845 val loss 3.6622220138538935
2024-09-14,19:39:16,386 root INFO Epoch 3/5:
2024-09-14,19:40:15,948 root INFO 	Epoch 3: train loss 2.8777296976609663 val loss 3.590538332378536
2024-09-14,19:40:15,949 root INFO Epoch 4/5:
2024-09-14,19:41:22,965 root INFO 	Epoch 4: train loss 2.8496515534140845 val loss 3.549104273941895
2024-09-14,19:41:22,966 root INFO Epoch 5/5:
2024-09-14,19:42:30,112 root INFO 	Epoch 5: train loss 2.8036414493214 val loss 3.445385906204992
2024-09-14,19:42:30,113 root INFO 		Loss: 2.8036414493214
2024-09-14,19:42:30,141 py4j.java_gateway INFO Error while callback connection was waiting fora message
Traceback (most recent call last):
  File "/home/kdam/blenv/lib/python3.10/site-packages/py4j/java_gateway.py", line 2415, in run
    self.socket.sendall(return_message.encode("utf-8"))
BrokenPipeError: [Errno 32] Broken pipe
2024-09-14,19:42:30,143 py4j.java_gateway INFO Closing down callback connection
